<?xml version="1.0" encoding="UTF-8"?>
<!-- Generated by org.testng.reporters.JUnitReportReporter -->
<testsuite hostname="WKWZTjY8YQomnow" failures="0" tests="1" name="com.project.framework.test.PageTest" time="0.055" errors="0" timestamp="2024-05-20T23:57:45 IST" skipped="0">
  <testcase classname="com.project.framework.test.PageTest" name="navigate_to_homepage_click_on_getStarted" time="0.055"/>
  <system-out>
    <![CDATA[Browser opened
URL Loaded https://www.browserstack.com]]>
  </system-out>
</testsuite> <!-- com.project.framework.test.PageTest -->
